[debug] [2023-12-11T12:37:19.018Z] ----------------------------------------------------------------------
[debug] [2023-12-11T12:37:19.023Z] Command:       C:\Program Files\nodejs\node.exe C:\Users\Coms\AppData\Roaming\npm\node_modules\firebase-tools\lib\bin\firebase.js init
[debug] [2023-12-11T12:37:19.024Z] CLI Version:   12.9.1
[debug] [2023-12-11T12:37:19.024Z] Platform:      win32
[debug] [2023-12-11T12:37:19.025Z] Node Version:  v18.17.1
[debug] [2023-12-11T12:37:19.026Z] Time:          Mon Dec 11 2023 20:37:19 GMT+0800 (Philippine Standard Time)
[debug] [2023-12-11T12:37:19.026Z] ----------------------------------------------------------------------
[debug] 
[debug] [2023-12-11T12:37:19.047Z] >>> [apiv2][query] GET https://firebase-public.firebaseio.com/cli.json [none]
[debug] [2023-12-11T12:37:19.155Z] > command requires scopes: ["email","openid","https://www.googleapis.com/auth/cloudplatformprojects.readonly","https://www.googleapis.com/auth/firebase","https://www.googleapis.com/auth/cloud-platform"]
[debug] [2023-12-11T12:37:19.156Z] > authorizing via signed-in user (trulycoms2023@gmail.com)
[info] 
     ######## #### ########  ######## ########     ###     ######  ########
     ##        ##  ##     ## ##       ##     ##  ##   ##  ##       ##
     ######    ##  ########  ######   ########  #########  ######  ######
     ##        ##  ##    ##  ##       ##     ## ##     ##       ## ##
     ##       #### ##     ## ######## ########  ##     ##  ######  ########

You're about to initialize a Firebase project in this directory:

  C:\Windows.old\Users\Coms\AAA_WORKSPACE\luad\luad-astro

Before we get started, keep in mind:

  * You are currently outside your home directory

[debug] [2023-12-11T12:37:19.656Z] <<< [apiv2][status] GET https://firebase-public.firebaseio.com/cli.json 200
[debug] [2023-12-11T12:37:19.657Z] <<< [apiv2][body] GET https://firebase-public.firebaseio.com/cli.json {"cloudBuildErrorAfter":1594252800000,"cloudBuildWarnAfter":1590019200000,"defaultNode10After":1594252800000,"minVersion":"3.0.5","node8DeploysDisabledAfter":1613390400000,"node8RuntimeDisabledAfter":1615809600000,"node8WarnAfter":1600128000000}
[info] 
=== Project Setup
[info] 
[info] First, let's associate this project directory with a Firebase project.
[info] You can create multiple project aliases by running firebase use --add, 
[info] but for now we'll just set up a default project.
[info] 
[debug] [2023-12-11T12:46:12.547Z] > refreshing access token with scopes: []
[debug] [2023-12-11T12:46:12.549Z] >>> [apiv2][query] POST https://www.googleapis.com/oauth2/v3/token [none]
[debug] [2023-12-11T12:46:12.549Z] >>> [apiv2][body] POST https://www.googleapis.com/oauth2/v3/token [omitted]
[debug] [2023-12-11T12:46:12.709Z] <<< [apiv2][status] POST https://www.googleapis.com/oauth2/v3/token 200
[debug] [2023-12-11T12:46:12.709Z] <<< [apiv2][body] POST https://www.googleapis.com/oauth2/v3/token [omitted]
[debug] [2023-12-11T12:46:12.977Z] >>> [apiv2][query] GET https://firebase.googleapis.com/v1beta1/projects pageSize=100
[debug] [2023-12-11T12:46:13.641Z] <<< [apiv2][status] GET https://firebase.googleapis.com/v1beta1/projects 200
[debug] [2023-12-11T12:46:13.641Z] <<< [apiv2][body] GET https://firebase.googleapis.com/v1beta1/projects [omitted]
[info] i  Using project luad-db (Luad) 
[info] 
=== Firestore Setup
[debug] [2023-12-11T12:46:17.123Z] >>> [apiv2][query] GET https://serviceusage.googleapis.com/v1/projects/luad-db/services/firestore.googleapis.com [none]
[debug] [2023-12-11T12:46:17.124Z] >>> [apiv2][(partial)header] GET https://serviceusage.googleapis.com/v1/projects/luad-db/services/firestore.googleapis.com x-goog-quota-user=projects/luad-db
[debug] [2023-12-11T12:46:18.363Z] <<< [apiv2][status] GET https://serviceusage.googleapis.com/v1/projects/luad-db/services/firestore.googleapis.com 200
[debug] [2023-12-11T12:46:18.363Z] <<< [apiv2][body] GET https://serviceusage.googleapis.com/v1/projects/luad-db/services/firestore.googleapis.com [omitted]
[debug] [2023-12-11T12:46:18.364Z] >>> [apiv2][query] GET https://firestore.googleapis.com/v1/projects/luad-db/databases/(default) [none]
[debug] [2023-12-11T12:46:18.988Z] <<< [apiv2][status] GET https://firestore.googleapis.com/v1/projects/luad-db/databases/(default) 200
[debug] [2023-12-11T12:46:18.988Z] <<< [apiv2][body] GET https://firestore.googleapis.com/v1/projects/luad-db/databases/(default) {"name":"projects/luad-db/databases/(default)","uid":"8845798b-b1a3-4444-b80b-317dff0e8f25","createTime":"2023-11-18T14:43:36.454060Z","updateTime":"2023-11-18T14:43:36.454060Z","locationId":"asia-east1","type":"FIRESTORE_NATIVE","concurrencyMode":"PESSIMISTIC","versionRetentionPeriod":"3600s","earliestVersionTime":"2023-12-11T11:46:19.280368Z","appEngineIntegrationMode":"DISABLED","keyPrefix":"zde","pointInTimeRecoveryEnablement":"POINT_IN_TIME_RECOVERY_DISABLED","deleteProtectionState":"DELETE_PROTECTION_DISABLED","etag":"IIe8qZC1h4MDMOKKo46A/IID"}
[debug] [2023-12-11T12:46:18.989Z] database_type: FIRESTORE_NATIVE
[debug] [2023-12-11T12:46:18.989Z] > command requires scopes: ["email","openid","https://www.googleapis.com/auth/cloudplatformprojects.readonly","https://www.googleapis.com/auth/firebase","https://www.googleapis.com/auth/cloud-platform"]
[debug] [2023-12-11T12:46:18.990Z] > authorizing via signed-in user (trulycoms2023@gmail.com)
[debug] [2023-12-11T12:46:18.990Z] [iam] checking project luad-db for permissions ["firebase.projects.get"]
[debug] [2023-12-11T12:46:18.991Z] >>> [apiv2][query] POST https://cloudresourcemanager.googleapis.com/v1/projects/luad-db:testIamPermissions [none]
[debug] [2023-12-11T12:46:18.991Z] >>> [apiv2][(partial)header] POST https://cloudresourcemanager.googleapis.com/v1/projects/luad-db:testIamPermissions x-goog-quota-user=projects/luad-db
[debug] [2023-12-11T12:46:18.991Z] >>> [apiv2][body] POST https://cloudresourcemanager.googleapis.com/v1/projects/luad-db:testIamPermissions {"permissions":["firebase.projects.get"]}
[debug] [2023-12-11T12:46:19.907Z] <<< [apiv2][status] POST https://cloudresourcemanager.googleapis.com/v1/projects/luad-db:testIamPermissions 200
[debug] [2023-12-11T12:46:19.907Z] <<< [apiv2][body] POST https://cloudresourcemanager.googleapis.com/v1/projects/luad-db:testIamPermissions {"permissions":["firebase.projects.get"]}
[info] 
[info] Firestore Security Rules allow you to define how and when to allow
[info] requests. You can keep these rules in your project directory
[info] and publish them with firebase deploy.
[info] 
[debug] [2023-12-11T12:46:24.630Z] >>> [apiv2][query] GET https://firebaserules.googleapis.com/v1/projects/luad-db/releases pageSize=10&pageToken=
[debug] [2023-12-11T12:46:25.129Z] <<< [apiv2][status] GET https://firebaserules.googleapis.com/v1/projects/luad-db/releases 200
[debug] [2023-12-11T12:46:25.129Z] <<< [apiv2][body] GET https://firebaserules.googleapis.com/v1/projects/luad-db/releases {"releases":[{"name":"projects/luad-db/releases/cloud.firestore","rulesetName":"projects/luad-db/rulesets/4bf574ff-3566-4a44-b8df-b3d384490409","createTime":"2023-11-18T14:43:45.787133Z","updateTime":"2023-11-26T11:28:46.785691Z"},{"name":"projects/luad-db/releases/firebase.storage/luad-db.appspot.com","rulesetName":"projects/luad-db/rulesets/1155f21c-1028-4b72-bb30-4dc1100a6e24","createTime":"2023-11-24T12:24:21.504338Z","updateTime":"2023-12-09T15:38:51.264803Z"}]}
[debug] [2023-12-11T12:46:25.154Z] Found ruleset: projects/luad-db/rulesets/4bf574ff-3566-4a44-b8df-b3d384490409
[debug] [2023-12-11T12:46:25.154Z] >>> [apiv2][query] GET https://firebaserules.googleapis.com/v1/projects/luad-db/rulesets/4bf574ff-3566-4a44-b8df-b3d384490409 [none]
[debug] [2023-12-11T12:46:26.548Z] <<< [apiv2][status] GET https://firebaserules.googleapis.com/v1/projects/luad-db/rulesets/4bf574ff-3566-4a44-b8df-b3d384490409 200
[debug] [2023-12-11T12:46:26.548Z] <<< [apiv2][body] GET https://firebaserules.googleapis.com/v1/projects/luad-db/rulesets/4bf574ff-3566-4a44-b8df-b3d384490409 [omitted]
[info] 
[info] Firestore indexes allow you to perform complex queries while
[info] maintaining performance that scales with the size of the result
[info] set. You can keep index definitions in your project directory
[info] and publish them with firebase deploy.
[info] 
[debug] [2023-12-11T12:46:28.740Z] >>> [apiv2][query] GET https://firestore.googleapis.com/v1/projects/luad-db/databases/(default)/collectionGroups/-/indexes [none]
[debug] [2023-12-11T12:46:28.743Z] >>> [apiv2][query] GET https://firestore.googleapis.com/v1/projects/luad-db/databases/(default)/collectionGroups/-/fields?filter=indexConfig.usesAncestorConfig=false OR ttlConfig:* [none]
[debug] [2023-12-11T12:46:29.339Z] <<< [apiv2][status] GET https://firestore.googleapis.com/v1/projects/luad-db/databases/(default)/collectionGroups/-/indexes 200
[debug] [2023-12-11T12:46:29.339Z] <<< [apiv2][body] GET https://firestore.googleapis.com/v1/projects/luad-db/databases/(default)/collectionGroups/-/indexes {}
[debug] [2023-12-11T12:46:29.409Z] <<< [apiv2][status] GET https://firestore.googleapis.com/v1/projects/luad-db/databases/(default)/collectionGroups/-/fields?filter=indexConfig.usesAncestorConfig=false OR ttlConfig:* 200
[debug] [2023-12-11T12:46:29.409Z] <<< [apiv2][body] GET https://firestore.googleapis.com/v1/projects/luad-db/databases/(default)/collectionGroups/-/fields?filter=indexConfig.usesAncestorConfig=false OR ttlConfig:* {"fields":[{"name":"projects/luad-db/databases/(default)/collectionGroups/__default__/fields/*","indexConfig":{"indexes":[{"queryScope":"COLLECTION","fields":[{"fieldPath":"*","order":"ASCENDING"}],"state":"READY"},{"queryScope":"COLLECTION","fields":[{"fieldPath":"*","order":"DESCENDING"}],"state":"READY"},{"queryScope":"COLLECTION","fields":[{"fieldPath":"*","arrayConfig":"CONTAINS"}],"state":"READY"}]}}]}
[info] 
=== Hosting Setup
[debug] [2023-12-11T12:46:29.415Z] >>> [apiv2][query] GET https://firebase.googleapis.com/v1beta1/projects/luad-db [none]
[debug] [2023-12-11T12:46:29.770Z] <<< [apiv2][status] GET https://firebase.googleapis.com/v1beta1/projects/luad-db 200
[debug] [2023-12-11T12:46:29.770Z] <<< [apiv2][body] GET https://firebase.googleapis.com/v1beta1/projects/luad-db {"projectId":"luad-db","projectNumber":"611542890412","displayName":"Luad","name":"projects/luad-db","resources":{"hostingSite":"luad-db","realtimeDatabaseInstance":"luad-db-default-rtdb","storageBucket":"luad-db.appspot.com","locationId":"asia-east1"},"state":"ACTIVE","etag":"1_21bf8597-72e3-4e7c-b748-ffdc32018240"}
[info] 
[info] Your public directory is the folder (relative to your project directory) that
[info] will contain Hosting assets to be uploaded with firebase deploy. If you
[info] have a build process for your assets, use your build's output directory.
[info] 
